# JRE version: Java(TM) SE Runtime Environment (8.0_45-b14) (build 1.8.0_45-b14)
# Java VM: Java HotSpot(TM) 64-Bit Server VM (25.45-b02 mixed mode bsd-amd64 compressed oops)
Heap:
 PSYoungGen      total 225280K, used 5983K [0x000000076ab00000, 0x000000077ec00000, 0x00000007c0000000)
  eden space 208896K, 2% used [0x000000076ab00000,0x000000076b0d7ea8,0x0000000777700000)
  from space 16384K, 0% used [0x0000000777700000,0x0000000777700000,0x0000000778700000)
  to   space 16384K, 0% used [0x000000077dc00000,0x000000077dc00000,0x000000077ec00000)
 ParOldGen       total 110592K, used 18963K [0x00000006c0000000, 0x00000006c6c00000, 0x000000076ab00000)
  object space 110592K, 17% used [0x00000006c0000000,0x00000006c1284ef0,0x00000006c6c00000)
 Metaspace       used 35337K, capacity 36006K, committed 36392K, reserved 1081344K
  class space    used 4066K, capacity 4301K, committed 4400K, reserved 1048576K
GC Heap History (10 events):
Event: 6.895 GC heap before
{Heap before GC invocations=7 (full 1):
 PSYoungGen      total 76288K, used 68779K [0x000000076ab00000, 0x0000000773d80000, 0x00000007c0000000)
  eden space 65536K, 100% used [0x000000076ab00000,0x000000076eb00000,0x000000076eb00000)
  from space 10752K, 30% used [0x000000076eb00000,0x000000076ee2ace0,0x000000076f580000)
  to   space 14336K, 0% used [0x0000000772f80000,0x0000000772f80000,0x0000000773d80000)
 ParOldGen       total 86016K, used 10037K [0x00000006c0000000, 0x00000006c5400000, 0x000000076ab00000)
  object space 86016K, 11% used [0x00000006c0000000,0x00000006c09cd478,0x00000006c5400000)
 Metaspace       used 25840K, capacity 26504K, committed 26800K, reserved 1073152K
  class space    used 3047K, capacity 3202K, committed 3248K, reserved 1048576K
Event: 6.897 GC heap after
Heap after GC invocations=7 (full 1):
 PSYoungGen      total 133632K, used 992K [0x000000076ab00000, 0x0000000773e80000, 0x00000007c0000000)
  eden space 119296K, 0% used [0x000000076ab00000,0x000000076ab00000,0x0000000771f80000)
  from space 14336K, 6% used [0x0000000772f80000,0x0000000773078000,0x0000000773d80000)
  to   space 15872K, 0% used [0x0000000771f80000,0x0000000771f80000,0x0000000772f00000)
 ParOldGen       total 86016K, used 10045K [0x00000006c0000000, 0x00000006c5400000, 0x000000076ab00000)
  object space 86016K, 11% used [0x00000006c0000000,0x00000006c09cf478,0x00000006c5400000)
 Metaspace       used 25840K, capacity 26504K, committed 26800K, reserved 1073152K
  class space    used 3047K, capacity 3202K, committed 3248K, reserved 1048576K
}
Event: 7.179 GC heap before
{Heap before GC invocations=8 (full 1):
 PSYoungGen      total 133632K, used 120288K [0x000000076ab00000, 0x0000000773e80000, 0x00000007c0000000)
  eden space 119296K, 100% used [0x000000076ab00000,0x0000000771f80000,0x0000000771f80000)
  from space 14336K, 6% used [0x0000000772f80000,0x0000000773078000,0x0000000773d80000)
  to   space 15872K, 0% used [0x0000000771f80000,0x0000000771f80000,0x0000000772f00000)
 ParOldGen       total 86016K, used 10045K [0x00000006c0000000, 0x00000006c5400000, 0x000000076ab00000)
  object space 86016K, 11% used [0x00000006c0000000,0x00000006c09cf478,0x00000006c5400000)
 Metaspace       used 25851K, capacity 26504K, committed 26800K, reserved 1073152K
  class space    used 3047K, capacity 3202K, committed 3248K, reserved 1048576K
Event: 7.181 GC heap after
Heap after GC invocations=8 (full 1):
 PSYoungGen      total 135168K, used 1174K [0x000000076ab00000, 0x0000000779b00000, 0x00000007c0000000)
  eden space 119296K, 0% used [0x000000076ab00000,0x000000076ab00000,0x0000000771f80000)
  from space 15872K, 7% used [0x0000000771f80000,0x00000007720a5a18,0x0000000772f00000)
  to   space 16384K, 0% used [0x0000000778b00000,0x0000000778b00000,0x0000000779b00000)
 ParOldGen       total 86016K, used 10053K [0x00000006c0000000, 0x00000006c5400000, 0x000000076ab00000)
  object space 86016K, 11% used [0x00000006c0000000,0x00000006c09d1478,0x00000006c5400000)
 Metaspace       used 25851K, capacity 26504K, committed 26800K, reserved 1073152K
  class space    used 3047K, capacity 3202K, committed 3248K, reserved 1048576K
}
Event: 7.437 GC heap before
{Heap before GC invocations=9 (full 1):
 PSYoungGen      total 135168K, used 120470K [0x000000076ab00000, 0x0000000779b00000, 0x00000007c0000000)
  eden space 119296K, 100% used [0x000000076ab00000,0x0000000771f80000,0x0000000771f80000)
  from space 15872K, 7% used [0x0000000771f80000,0x00000007720a5a18,0x0000000772f00000)
  to   space 16384K, 0% used [0x0000000778b00000,0x0000000778b00000,0x0000000779b00000)
 ParOldGen       total 86016K, used 10053K [0x00000006c0000000, 0x00000006c5400000, 0x000000076ab00000)
  object space 86016K, 11% used [0x00000006c0000000,0x00000006c09d1478,0x00000006c5400000)
 Metaspace       used 25853K, capacity 26504K, committed 26800K, reserved 1073152K
  class space    used 3047K, capacity 3202K, committed 3248K, reserved 1048576K
Event: 7.439 GC heap after
Heap after GC invocations=9 (full 1):
 PSYoungGen      total 221184K, used 992K [0x000000076ab00000, 0x0000000779700000, 0x00000007c0000000)
  eden space 208896K, 0% used [0x000000076ab00000,0x000000076ab00000,0x0000000777700000)
  from space 12288K, 8% used [0x0000000778b00000,0x0000000778bf8000,0x0000000779700000)
  to   space 16384K, 0% used [0x0000000777700000,0x0000000777700000,0x0000000778700000)
 ParOldGen       total 86016K, used 10053K [0x00000006c0000000, 0x00000006c5400000, 0x000000076ab00000)
  object space 86016K, 11% used [0x00000006c0000000,0x00000006c09d1478,0x00000006c5400000)
 Metaspace       used 25853K, capacity 26504K, committed 26800K, reserved 1073152K
  class space    used 3047K, capacity 3202K, committed 3248K, reserved 1048576K
}
Event: 43.120 GC heap before
{Heap before GC invocations=10 (full 1):
 PSYoungGen      total 221184K, used 181926K [0x000000076ab00000, 0x0000000779700000, 0x00000007c0000000)
  eden space 208896K, 86% used [0x000000076ab00000,0x0000000775bb1be0,0x0000000777700000)
  from space 12288K, 8% used [0x0000000778b00000,0x0000000778bf8000,0x0000000779700000)
  to   space 16384K, 0% used [0x0000000777700000,0x0000000777700000,0x0000000778700000)
 ParOldGen       total 86016K, used 10053K [0x00000006c0000000, 0x00000006c5400000, 0x000000076ab00000)
  object space 86016K, 11% used [0x00000006c0000000,0x00000006c09d1478,0x00000006c5400000)
 Metaspace       used 34582K, capacity 35206K, committed 35496K, reserved 1081344K
  class space    used 3985K, capacity 4205K, committed 4272K, reserved 1048576K
Event: 43.129 GC heap after
Heap after GC invocations=10 (full 1):
 PSYoungGen      total 225280K, used 9166K [0x000000076ab00000, 0x000000077ec00000, 0x00000007c0000000)
  eden space 208896K, 0% used [0x000000076ab00000,0x000000076ab00000,0x0000000777700000)
  from space 16384K, 55% used [0x0000000777700000,0x0000000777ff3aa0,0x0000000778700000)
  to   space 16384K, 0% used [0x000000077dc00000,0x000000077dc00000,0x000000077ec00000)
 ParOldGen       total 86016K, used 10845K [0x00000006c0000000, 0x00000006c5400000, 0x000000076ab00000)
  object space 86016K, 12% used [0x00000006c0000000,0x00000006c0a97478,0x00000006c5400000)
 Metaspace       used 34582K, capacity 35206K, committed 35496K, reserved 1081344K
  class space    used 3985K, capacity 4205K, committed 4272K, reserved 1048576K
}
Event: 43.129 GC heap before
{Heap before GC invocations=11 (full 2):
 PSYoungGen      total 225280K, used 9166K [0x000000076ab00000, 0x000000077ec00000, 0x00000007c0000000)
  eden space 208896K, 0% used [0x000000076ab00000,0x000000076ab00000,0x0000000777700000)
  from space 16384K, 55% used [0x0000000777700000,0x0000000777ff3aa0,0x0000000778700000)
  to   space 16384K, 0% used [0x000000077dc00000,0x000000077dc00000,0x000000077ec00000)
 ParOldGen       total 86016K, used 10845K [0x00000006c0000000, 0x00000006c5400000, 0x000000076ab00000)
  object space 86016K, 12% used [0x00000006c0000000,0x00000006c0a97478,0x00000006c5400000)
 Metaspace       used 34582K, capacity 35206K, committed 35496K, reserved 1081344K
  class space    used 3985K, capacity 4205K, committed 4272K, reserved 1048576K
Event: 43.178 GC heap after
Heap after GC invocations=11 (full 2):
 PSYoungGen      total 225280K, used 0K [0x000000076ab00000, 0x000000077ec00000, 0x00000007c0000000)
  eden space 208896K, 0% used [0x000000076ab00000,0x000000076ab00000,0x0000000777700000)
  from space 16384K, 0% used [0x0000000777700000,0x0000000777700000,0x0000000778700000)
  to   space 16384K, 0% used [0x000000077dc00000,0x000000077dc00000,0x000000077ec00000)
 ParOldGen       total 110592K, used 18963K [0x00000006c0000000, 0x00000006c6c00000, 0x000000076ab00000)
  object space 110592K, 17% used [0x00000006c0000000,0x00000006c1284ef0,0x00000006c6c00000)
 Metaspace       used 34582K, capacity 35206K, committed 35496K, reserved 1081344K
  class space    used 3985K, capacity 4205K, committed 4272K, reserved 1048576K
}

